<html>
<head>
<title>TestNG:  Default test</title>
<link href="../testng.css" rel="stylesheet" type="text/css" />
<link href="../my-testng.css" rel="stylesheet" type="text/css" />

<style type="text/css">
.log { display: none;} 
.stack-trace { display: none;} 
</style>
<script type="text/javascript">
<!--
function flip(e) {
  current = e.style.display;
  if (current == 'block') {
    e.style.display = 'none';
    return 0;
  }
  else {
    e.style.display = 'block';
    return 1;
  }
}

function toggleBox(szDivId, elem, msg1, msg2)
{
  var res = -1;  if (document.getElementById) {
    res = flip(document.getElementById(szDivId));
  }
  else if (document.all) {
    // this is the way old msie versions work
    res = flip(document.all[szDivId]);
  }
  if(elem) {
    if(res == 0) elem.innerHTML = msg1; else elem.innerHTML = msg2;
  }

}

function toggleAllBoxes() {
  if (document.getElementsByTagName) {
    d = document.getElementsByTagName('div');
    for (i = 0; i < d.length; i++) {
      if (d[i].className == 'log') {
        flip(d[i]);
      }
    }
  }
}

// -->
</script>

</head>
<body>
<h2 align='center'>Default test</h2><table border='1' align="center">
<tr>
<td>Tests passed/Failed/Skipped:</td><td>12/3/0</td>
</tr><tr>
<td>Started on:</td><td>Fri Nov 04 20:45:32 IST 2016</td>
</tr>
<tr><td>Total time:</td><td>199 seconds (199158 ms)</td>
</tr><tr>
<td>Included groups:</td><td></td>
</tr><tr>
<td>Excluded groups:</td><td></td>
</tr>
</table><p/>
<small><i>(Hover the method name to see the test class name)</i></small><p/>
<table width='100%' border='1' class='invocation-failed'>
<tr><td colspan='4' align='center'><b>FAILED TESTS</b></td></tr>
<tr><td><b>Test method</b></td>
<td width="30%"><b>Exception</b></td>
<td width="10%"><b>Time (seconds)</b></td>
<td><b>Instance</b></td>
</tr>
<tr>
<td title='com.qait.demo.tests.TestLevel2_GenericEcommerseSiteTest_Stubs_Written_Method_Needs_To_Be_Implemented.TestStep09_Verify_Similar_Products_Are_Presnt_For_Product_Details_Page()'><b>TestStep09_Verify_Similar_Products_Are_Presnt_For_Product_Details_Page</b><br>Test class: com.qait.demo.tests.TestLevel2_GenericEcommerseSiteTest_Stubs_Written_Method_Needs_To_Be_Implemented</td>
<td><div><pre>java.lang.AssertionError: FAILED: Element similar_products not found on the HomePage !!!
	at org.testng.Assert.fail(Assert.java:94)
	at com.qait.automation.getpageobjects.GetPage.element(GetPage.java:84)
	at com.qait.automation.getpageobjects.GetPage.element(GetPage.java:62)
	at com.qait.demo.keywords.CartPageActions.Verify_User_Is_Able_To_View_Similar_Items(CartPageActions.java:63)
	at com.qait.demo.tests.TestLevel2_GenericEcommerseSiteTest_Stubs_Written_Method_Needs_To_Be_Implemented.TestStep09_Verify_Similar_Products_Are_Presnt_For_Product_Details_Page(TestLevel2_GenericEcommerseSiteTest_Stubs_Written_Method_Needs_To_Be_Implemented.java:137)
	at sun.reflect.NativeMethodAccessorImpl.invoke0(Native Method)
	at sun.reflect.NativeMethodAccessorImpl.invoke(Unknown Source)
	at sun.reflect.DelegatingMethodAccessorImpl.invoke(Unknown Source)
	at java.lang.reflect.Method.invoke(Unknown Source)
	at org.testng.internal.MethodInvocationHelper.invokeMethod(MethodInvocationHelper.java:84)
	at org.testng.internal.Invoker.invokeMethod(Invoker.java:714)
	at org.testng.internal.Invoker.invokeTestMethod(Invoker.java:901)
	at org.testng.internal.Invoker.invokeTestMethods(Invoker.java:1231)
	at org.testng.internal.TestMethodWorker.invokeTestMethods(TestMethodWorker.java:127)
	at org.testng.internal.TestMethodWorker.run(TestMethodWorker.java:111)
	at org.testng.TestRunner.privateRun(TestRunner.java:767)
	at org.testng.TestRunner.run(TestRunner.java:617)
	at org.testng.SuiteRunner.runTest(SuiteRunner.java:334)
	at org.testng.SuiteRunner.runSequentially(SuiteRunner.java:329)
	at org.testng.SuiteRunner.privateRun(SuiteRunner.java:291)
	at org.testng.SuiteRunner.run(SuiteRunner.java:240)
	at org.testng.SuiteRunnerWorker.runSuite(SuiteRunnerWorker.java:52)
	at org.testng.SuiteRunnerWorker.run(SuiteRunnerWorker.java:86)
	at org.testng.TestNG.runSuitesSequentially(TestNG.java:1224)
	at org.testng.TestNG.runSuitesLocally(TestNG.java:1149)
	at org.testng.TestNG.run(TestNG.java:1057)
	at org.testng.remote.AbstractRemoteTestNG.run(AbstractRemoteTestNG.java:126)
	at org.testng.remote.RemoteTestNG.initAndRun(RemoteTestNG.java:152)
	at org.testng.remote.RemoteTestNG.main(RemoteTestNG.java:57)
</pre></div><a href='#' onClick='toggleBox("stack-trace1119622337", this, "Click to show all stack frames", "Click to hide stack frames")'>Click to show all stack frames</a>
<div class='stack-trace' id='stack-trace1119622337'><pre>java.lang.AssertionError: FAILED: Element similar_products not found on the HomePage !!!
	at org.testng.Assert.fail(Assert.java:94)
	at com.qait.automation.getpageobjects.GetPage.element(GetPage.java:84)
	at com.qait.automation.getpageobjects.GetPage.element(GetPage.java:62)
	at com.qait.demo.keywords.CartPageActions.Verify_User_Is_Able_To_View_Similar_Items(CartPageActions.java:63)
	at com.qait.demo.tests.TestLevel2_GenericEcommerseSiteTest_Stubs_Written_Method_Needs_To_Be_Implemented.TestStep09_Verify_Similar_Products_Are_Presnt_For_Product_Details_Page(TestLevel2_GenericEcommerseSiteTest_Stubs_Written_Method_Needs_To_Be_Implemented.java:137)
	at sun.reflect.NativeMethodAccessorImpl.invoke0(Native Method)
	at sun.reflect.NativeMethodAccessorImpl.invoke(Unknown Source)
	at sun.reflect.DelegatingMethodAccessorImpl.invoke(Unknown Source)
	at java.lang.reflect.Method.invoke(Unknown Source)
	at org.testng.internal.MethodInvocationHelper.invokeMethod(MethodInvocationHelper.java:84)
	at org.testng.internal.Invoker.invokeMethod(Invoker.java:714)
	at org.testng.internal.Invoker.invokeTestMethod(Invoker.java:901)
	at org.testng.internal.Invoker.invokeTestMethods(Invoker.java:1231)
	at org.testng.internal.TestMethodWorker.invokeTestMethods(TestMethodWorker.java:127)
	at org.testng.internal.TestMethodWorker.run(TestMethodWorker.java:111)
	at org.testng.TestRunner.privateRun(TestRunner.java:767)
	at org.testng.TestRunner.run(TestRunner.java:617)
	at org.testng.SuiteRunner.runTest(SuiteRunner.java:334)
	at org.testng.SuiteRunner.runSequentially(SuiteRunner.java:329)
	at org.testng.SuiteRunner.privateRun(SuiteRunner.java:291)
	at org.testng.SuiteRunner.run(SuiteRunner.java:240)
	at org.testng.SuiteRunnerWorker.runSuite(SuiteRunnerWorker.java:52)
	at org.testng.SuiteRunnerWorker.run(SuiteRunnerWorker.java:86)
	at org.testng.TestNG.runSuitesSequentially(TestNG.java:1224)
	at org.testng.TestNG.runSuitesLocally(TestNG.java:1149)
	at org.testng.TestNG.run(TestNG.java:1057)
	at org.testng.remote.AbstractRemoteTestNG.run(AbstractRemoteTestNG.java:126)
	at org.testng.remote.RemoteTestNG.initAndRun(RemoteTestNG.java:152)
	at org.testng.remote.RemoteTestNG.main(RemoteTestNG.java:57)
</pre></div></td>
<td>60</td>
<td>com.qait.demo.tests.TestLevel2_GenericEcommerseSiteTest_Stubs_Written_Method_Needs_To_Be_Implemented@42d80b78</td></tr>
<tr>
<td title='com.qait.demo.tests.TestLevel2_GenericEcommerseSiteTest_Stubs_Written_Method_Needs_To_Be_Implemented.TestStep10_Verify_User_Is_Able_To_Buy_The_Product()'><b>TestStep10_Verify_User_Is_Able_To_Buy_The_Product</b><br>Test class: com.qait.demo.tests.TestLevel2_GenericEcommerseSiteTest_Stubs_Written_Method_Needs_To_Be_Implemented</td>
<td><div><pre>java.lang.AssertionError: FAILED: Element buy_product not found on the HomePage !!!
	at org.testng.Assert.fail(Assert.java:94)
	at com.qait.automation.getpageobjects.GetPage.element(GetPage.java:84)
	at com.qait.automation.getpageobjects.GetPage.element(GetPage.java:62)
	at com.qait.demo.keywords.CartPageActions.verify_User_Is_Able_To_Buy_Product(CartPageActions.java:52)
	at com.qait.demo.tests.TestLevel2_GenericEcommerseSiteTest_Stubs_Written_Method_Needs_To_Be_Implemented.TestStep10_Verify_User_Is_Able_To_Buy_The_Product(TestLevel2_GenericEcommerseSiteTest_Stubs_Written_Method_Needs_To_Be_Implemented.java:142)
	at sun.reflect.NativeMethodAccessorImpl.invoke0(Native Method)
	at sun.reflect.NativeMethodAccessorImpl.invoke(Unknown Source)
	at sun.reflect.DelegatingMethodAccessorImpl.invoke(Unknown Source)
	at java.lang.reflect.Method.invoke(Unknown Source)
	at org.testng.internal.MethodInvocationHelper.invokeMethod(MethodInvocationHelper.java:84)
	at org.testng.internal.Invoker.invokeMethod(Invoker.java:714)
	at org.testng.internal.Invoker.invokeTestMethod(Invoker.java:901)
	at org.testng.internal.Invoker.invokeTestMethods(Invoker.java:1231)
	at org.testng.internal.TestMethodWorker.invokeTestMethods(TestMethodWorker.java:127)
	at org.testng.internal.TestMethodWorker.run(TestMethodWorker.java:111)
	at org.testng.TestRunner.privateRun(TestRunner.java:767)
	at org.testng.TestRunner.run(TestRunner.java:617)
	at org.testng.SuiteRunner.runTest(SuiteRunner.java:334)
	at org.testng.SuiteRunner.runSequentially(SuiteRunner.java:329)
	at org.testng.SuiteRunner.privateRun(SuiteRunner.java:291)
	at org.testng.SuiteRunner.run(SuiteRunner.java:240)
	at org.testng.SuiteRunnerWorker.runSuite(SuiteRunnerWorker.java:52)
	at org.testng.SuiteRunnerWorker.run(SuiteRunnerWorker.java:86)
	at org.testng.TestNG.runSuitesSequentially(TestNG.java:1224)
	at org.testng.TestNG.runSuitesLocally(TestNG.java:1149)
	at org.testng.TestNG.run(TestNG.java:1057)
	at org.testng.remote.AbstractRemoteTestNG.run(AbstractRemoteTestNG.java:126)
	at org.testng.remote.RemoteTestNG.initAndRun(RemoteTestNG.java:152)
	at org.testng.remote.RemoteTestNG.main(RemoteTestNG.java:57)
</pre></div><a href='#' onClick='toggleBox("stack-trace1260217713", this, "Click to show all stack frames", "Click to hide stack frames")'>Click to show all stack frames</a>
<div class='stack-trace' id='stack-trace1260217713'><pre>java.lang.AssertionError: FAILED: Element buy_product not found on the HomePage !!!
	at org.testng.Assert.fail(Assert.java:94)
	at com.qait.automation.getpageobjects.GetPage.element(GetPage.java:84)
	at com.qait.automation.getpageobjects.GetPage.element(GetPage.java:62)
	at com.qait.demo.keywords.CartPageActions.verify_User_Is_Able_To_Buy_Product(CartPageActions.java:52)
	at com.qait.demo.tests.TestLevel2_GenericEcommerseSiteTest_Stubs_Written_Method_Needs_To_Be_Implemented.TestStep10_Verify_User_Is_Able_To_Buy_The_Product(TestLevel2_GenericEcommerseSiteTest_Stubs_Written_Method_Needs_To_Be_Implemented.java:142)
	at sun.reflect.NativeMethodAccessorImpl.invoke0(Native Method)
	at sun.reflect.NativeMethodAccessorImpl.invoke(Unknown Source)
	at sun.reflect.DelegatingMethodAccessorImpl.invoke(Unknown Source)
	at java.lang.reflect.Method.invoke(Unknown Source)
	at org.testng.internal.MethodInvocationHelper.invokeMethod(MethodInvocationHelper.java:84)
	at org.testng.internal.Invoker.invokeMethod(Invoker.java:714)
	at org.testng.internal.Invoker.invokeTestMethod(Invoker.java:901)
	at org.testng.internal.Invoker.invokeTestMethods(Invoker.java:1231)
	at org.testng.internal.TestMethodWorker.invokeTestMethods(TestMethodWorker.java:127)
	at org.testng.internal.TestMethodWorker.run(TestMethodWorker.java:111)
	at org.testng.TestRunner.privateRun(TestRunner.java:767)
	at org.testng.TestRunner.run(TestRunner.java:617)
	at org.testng.SuiteRunner.runTest(SuiteRunner.java:334)
	at org.testng.SuiteRunner.runSequentially(SuiteRunner.java:329)
	at org.testng.SuiteRunner.privateRun(SuiteRunner.java:291)
	at org.testng.SuiteRunner.run(SuiteRunner.java:240)
	at org.testng.SuiteRunnerWorker.runSuite(SuiteRunnerWorker.java:52)
	at org.testng.SuiteRunnerWorker.run(SuiteRunnerWorker.java:86)
	at org.testng.TestNG.runSuitesSequentially(TestNG.java:1224)
	at org.testng.TestNG.runSuitesLocally(TestNG.java:1149)
	at org.testng.TestNG.run(TestNG.java:1057)
	at org.testng.remote.AbstractRemoteTestNG.run(AbstractRemoteTestNG.java:126)
	at org.testng.remote.RemoteTestNG.initAndRun(RemoteTestNG.java:152)
	at org.testng.remote.RemoteTestNG.main(RemoteTestNG.java:57)
</pre></div></td>
<td>60</td>
<td>com.qait.demo.tests.TestLevel2_GenericEcommerseSiteTest_Stubs_Written_Method_Needs_To_Be_Implemented@42d80b78</td></tr>
<tr>
<td title='com.qait.demo.tests.TestLevel2_GenericEcommerseSiteTest_Stubs_Written_Method_Needs_To_Be_Implemented.TestStep11_Verify_User_Navigated_To_Shipping_Page()'><b>TestStep11_Verify_User_Navigated_To_Shipping_Page</b><br>Test class: com.qait.demo.tests.TestLevel2_GenericEcommerseSiteTest_Stubs_Written_Method_Needs_To_Be_Implemented</td>
<td><div><pre>java.lang.AssertionError: FAILED: Element continue_btn not found on the HomePage !!!
	at org.testng.Assert.fail(Assert.java:94)
	at com.qait.automation.getpageobjects.GetPage.element(GetPage.java:84)
	at com.qait.automation.getpageobjects.GetPage.element(GetPage.java:62)
	at com.qait.demo.keywords.CartPageActions.verify_User_Navigated_To_Shipping_Cart_Page(CartPageActions.java:56)
	at com.qait.demo.tests.TestLevel2_GenericEcommerseSiteTest_Stubs_Written_Method_Needs_To_Be_Implemented.TestStep11_Verify_User_Navigated_To_Shipping_Page(TestLevel2_GenericEcommerseSiteTest_Stubs_Written_Method_Needs_To_Be_Implemented.java:147)
	at sun.reflect.NativeMethodAccessorImpl.invoke0(Native Method)
	at sun.reflect.NativeMethodAccessorImpl.invoke(Unknown Source)
	at sun.reflect.DelegatingMethodAccessorImpl.invoke(Unknown Source)
	at java.lang.reflect.Method.invoke(Unknown Source)
	at org.testng.internal.MethodInvocationHelper.invokeMethod(MethodInvocationHelper.java:84)
	at org.testng.internal.Invoker.invokeMethod(Invoker.java:714)
	at org.testng.internal.Invoker.invokeTestMethod(Invoker.java:901)
	at org.testng.internal.Invoker.invokeTestMethods(Invoker.java:1231)
	at org.testng.internal.TestMethodWorker.invokeTestMethods(TestMethodWorker.java:127)
	at org.testng.internal.TestMethodWorker.run(TestMethodWorker.java:111)
	at org.testng.TestRunner.privateRun(TestRunner.java:767)
	at org.testng.TestRunner.run(TestRunner.java:617)
	at org.testng.SuiteRunner.runTest(SuiteRunner.java:334)
	at org.testng.SuiteRunner.runSequentially(SuiteRunner.java:329)
	at org.testng.SuiteRunner.privateRun(SuiteRunner.java:291)
	at org.testng.SuiteRunner.run(SuiteRunner.java:240)
	at org.testng.SuiteRunnerWorker.runSuite(SuiteRunnerWorker.java:52)
	at org.testng.SuiteRunnerWorker.run(SuiteRunnerWorker.java:86)
	at org.testng.TestNG.runSuitesSequentially(TestNG.java:1224)
	at org.testng.TestNG.runSuitesLocally(TestNG.java:1149)
	at org.testng.TestNG.run(TestNG.java:1057)
	at org.testng.remote.AbstractRemoteTestNG.run(AbstractRemoteTestNG.java:126)
	at org.testng.remote.RemoteTestNG.initAndRun(RemoteTestNG.java:152)
	at org.testng.remote.RemoteTestNG.main(RemoteTestNG.java:57)
</pre></div><a href='#' onClick='toggleBox("stack-trace373378624", this, "Click to show all stack frames", "Click to hide stack frames")'>Click to show all stack frames</a>
<div class='stack-trace' id='stack-trace373378624'><pre>java.lang.AssertionError: FAILED: Element continue_btn not found on the HomePage !!!
	at org.testng.Assert.fail(Assert.java:94)
	at com.qait.automation.getpageobjects.GetPage.element(GetPage.java:84)
	at com.qait.automation.getpageobjects.GetPage.element(GetPage.java:62)
	at com.qait.demo.keywords.CartPageActions.verify_User_Navigated_To_Shipping_Cart_Page(CartPageActions.java:56)
	at com.qait.demo.tests.TestLevel2_GenericEcommerseSiteTest_Stubs_Written_Method_Needs_To_Be_Implemented.TestStep11_Verify_User_Navigated_To_Shipping_Page(TestLevel2_GenericEcommerseSiteTest_Stubs_Written_Method_Needs_To_Be_Implemented.java:147)
	at sun.reflect.NativeMethodAccessorImpl.invoke0(Native Method)
	at sun.reflect.NativeMethodAccessorImpl.invoke(Unknown Source)
	at sun.reflect.DelegatingMethodAccessorImpl.invoke(Unknown Source)
	at java.lang.reflect.Method.invoke(Unknown Source)
	at org.testng.internal.MethodInvocationHelper.invokeMethod(MethodInvocationHelper.java:84)
	at org.testng.internal.Invoker.invokeMethod(Invoker.java:714)
	at org.testng.internal.Invoker.invokeTestMethod(Invoker.java:901)
	at org.testng.internal.Invoker.invokeTestMethods(Invoker.java:1231)
	at org.testng.internal.TestMethodWorker.invokeTestMethods(TestMethodWorker.java:127)
	at org.testng.internal.TestMethodWorker.run(TestMethodWorker.java:111)
	at org.testng.TestRunner.privateRun(TestRunner.java:767)
	at org.testng.TestRunner.run(TestRunner.java:617)
	at org.testng.SuiteRunner.runTest(SuiteRunner.java:334)
	at org.testng.SuiteRunner.runSequentially(SuiteRunner.java:329)
	at org.testng.SuiteRunner.privateRun(SuiteRunner.java:291)
	at org.testng.SuiteRunner.run(SuiteRunner.java:240)
	at org.testng.SuiteRunnerWorker.runSuite(SuiteRunnerWorker.java:52)
	at org.testng.SuiteRunnerWorker.run(SuiteRunnerWorker.java:86)
	at org.testng.TestNG.runSuitesSequentially(TestNG.java:1224)
	at org.testng.TestNG.runSuitesLocally(TestNG.java:1149)
	at org.testng.TestNG.run(TestNG.java:1057)
	at org.testng.remote.AbstractRemoteTestNG.run(AbstractRemoteTestNG.java:126)
	at org.testng.remote.RemoteTestNG.initAndRun(RemoteTestNG.java:152)
	at org.testng.remote.RemoteTestNG.main(RemoteTestNG.java:57)
</pre></div></td>
<td>60</td>
<td>com.qait.demo.tests.TestLevel2_GenericEcommerseSiteTest_Stubs_Written_Method_Needs_To_Be_Implemented@42d80b78</td></tr>
</table><p>
<table width='100%' border='1' class='invocation-passed'>
<tr><td colspan='4' align='center'><b>PASSED TESTS</b></td></tr>
<tr><td><b>Test method</b></td>
<td width="30%"><b>Exception</b></td>
<td width="10%"><b>Time (seconds)</b></td>
<td><b>Instance</b></td>
</tr>
<tr>
<td title='com.qait.demo.tests.TestLevel2_GenericEcommerseSiteTest_Stubs_Written_Method_Needs_To_Be_Implemented.TestStep01_VerifyHomePage()'><b>TestStep01_VerifyHomePage</b><br>Test class: com.qait.demo.tests.TestLevel2_GenericEcommerseSiteTest_Stubs_Written_Method_Needs_To_Be_Implemented</td>
<td></td>
<td>0</td>
<td>com.qait.demo.tests.TestLevel2_GenericEcommerseSiteTest_Stubs_Written_Method_Needs_To_Be_Implemented@42d80b78</td></tr>
<tr>
<td title='com.qait.demo.tests.TestLevel2_GenericEcommerseSiteTest_Stubs_Written_Method_Needs_To_Be_Implemented.TestStep02_SearchProduct()'><b>TestStep02_SearchProduct</b><br>Test class: com.qait.demo.tests.TestLevel2_GenericEcommerseSiteTest_Stubs_Written_Method_Needs_To_Be_Implemented</td>
<td></td>
<td>0</td>
<td>com.qait.demo.tests.TestLevel2_GenericEcommerseSiteTest_Stubs_Written_Method_Needs_To_Be_Implemented@42d80b78</td></tr>
<tr>
<td title='com.qait.demo.tests.TestLevel2_GenericEcommerseSiteTest_Stubs_Written_Method_Needs_To_Be_Implemented.TestStep02_Verify_Feilds_Are_Expandable()'><b>TestStep02_Verify_Feilds_Are_Expandable</b><br>Test class: com.qait.demo.tests.TestLevel2_GenericEcommerseSiteTest_Stubs_Written_Method_Needs_To_Be_Implemented<br/>
<a href="#Output-970865974" onClick='toggleBox("Output-970865974", this, "Show output", "Hide output");'>Show output</a>

<a href="#Output-970865974" onClick="toggleAllBoxes();">Show all outputs</a>
<div class='log' id="Output-970865974">
Element [[FirefoxDriver: firefox on WINDOWS (71fb9512-8120-41dd-9182-9774cb1bbd0d)] -> css selector: .dRqIrL._2GQLOX] could not be clicked! Element is not clickable at point (119, 9.399993896484375). Other element would receive the click: <div class="_1H5F__" data-reactid="10"></div>
Command duration or timeout: 71 milliseconds
Build info: version: '2.53.1', revision: 'a36b8b1cd5757287168e54b817830adce9b0158d', time: '2016-06-30 19:26:09'
System info: host: 'ASDP1501PO01976', ip: '10.0.31.240', os.name: 'Windows 10', os.arch: 'amd64', os.version: '10.0', java.version: '1.8.0_101'
Driver info: org.openqa.selenium.firefox.FirefoxDriver
Capabilities [{applicationCacheEnabled=true, rotatable=false, handlesAlerts=true, databaseEnabled=true, version=43.0.1, platform=WINDOWS, nativeEvents=false, acceptSslCerts=true, webStorageEnabled=true, locationContextEnabled=true, browserName=firefox, takesScreenshot=true, javascriptEnabled=true, cssSelectorsEnabled=true}]
Session ID: 71fb9512-8120-41dd-9182-9774cb1bbd0d<br/>
</div>
</td>
<td></td>
<td>2</td>
<td>com.qait.demo.tests.TestLevel2_GenericEcommerseSiteTest_Stubs_Written_Method_Needs_To_Be_Implemented@42d80b78</td></tr>
<tr>
<td title='com.qait.demo.tests.TestLevel2_GenericEcommerseSiteTest_Stubs_Written_Method_Needs_To_Be_Implemented.TestStep02_Verify_Select_Dropdown_Is_Present()'><b>TestStep02_Verify_Select_Dropdown_Is_Present</b><br>Test class: com.qait.demo.tests.TestLevel2_GenericEcommerseSiteTest_Stubs_Written_Method_Needs_To_Be_Implemented</td>
<td></td>
<td>0</td>
<td>com.qait.demo.tests.TestLevel2_GenericEcommerseSiteTest_Stubs_Written_Method_Needs_To_Be_Implemented@42d80b78</td></tr>
<tr>
<td title='com.qait.demo.tests.TestLevel2_GenericEcommerseSiteTest_Stubs_Written_Method_Needs_To_Be_Implemented.TestStep02_Verify_User_Is_Able_To_View_Ratings_Of_The_Product()'><b>TestStep02_Verify_User_Is_Able_To_View_Ratings_Of_The_Product</b><br>Test class: com.qait.demo.tests.TestLevel2_GenericEcommerseSiteTest_Stubs_Written_Method_Needs_To_Be_Implemented</td>
<td></td>
<td>0</td>
<td>com.qait.demo.tests.TestLevel2_GenericEcommerseSiteTest_Stubs_Written_Method_Needs_To_Be_Implemented@42d80b78</td></tr>
<tr>
<td title='com.qait.demo.tests.TestLevel2_GenericEcommerseSiteTest_Stubs_Written_Method_Needs_To_Be_Implemented.TestStep03_VerifySearchResultPage()'><b>TestStep03_VerifySearchResultPage</b><br>Test class: com.qait.demo.tests.TestLevel2_GenericEcommerseSiteTest_Stubs_Written_Method_Needs_To_Be_Implemented</td>
<td></td>
<td>0</td>
<td>com.qait.demo.tests.TestLevel2_GenericEcommerseSiteTest_Stubs_Written_Method_Needs_To_Be_Implemented@42d80b78</td></tr>
<tr>
<td title='com.qait.demo.tests.TestLevel2_GenericEcommerseSiteTest_Stubs_Written_Method_Needs_To_Be_Implemented.TestStep04_VerifySearchResult()'><b>TestStep04_VerifySearchResult</b><br>Test class: com.qait.demo.tests.TestLevel2_GenericEcommerseSiteTest_Stubs_Written_Method_Needs_To_Be_Implemented</td>
<td></td>
<td>0</td>
<td>com.qait.demo.tests.TestLevel2_GenericEcommerseSiteTest_Stubs_Written_Method_Needs_To_Be_Implemented@42d80b78</td></tr>
<tr>
<td title='com.qait.demo.tests.TestLevel2_GenericEcommerseSiteTest_Stubs_Written_Method_Needs_To_Be_Implemented.TestStep05_SelectFirstProduct()'><b>TestStep05_SelectFirstProduct</b><br>Test class: com.qait.demo.tests.TestLevel2_GenericEcommerseSiteTest_Stubs_Written_Method_Needs_To_Be_Implemented</td>
<td></td>
<td>0</td>
<td>com.qait.demo.tests.TestLevel2_GenericEcommerseSiteTest_Stubs_Written_Method_Needs_To_Be_Implemented@42d80b78</td></tr>
<tr>
<td title='com.qait.demo.tests.TestLevel2_GenericEcommerseSiteTest_Stubs_Written_Method_Needs_To_Be_Implemented.TestStep06_VerifyProductInfo()'><b>TestStep06_VerifyProductInfo</b><br>Test class: com.qait.demo.tests.TestLevel2_GenericEcommerseSiteTest_Stubs_Written_Method_Needs_To_Be_Implemented</td>
<td></td>
<td>1</td>
<td>com.qait.demo.tests.TestLevel2_GenericEcommerseSiteTest_Stubs_Written_Method_Needs_To_Be_Implemented@42d80b78</td></tr>
<tr>
<td title='com.qait.demo.tests.TestLevel2_GenericEcommerseSiteTest_Stubs_Written_Method_Needs_To_Be_Implemented.TestStep07_VerifyProductName()'><b>TestStep07_VerifyProductName</b><br>Test class: com.qait.demo.tests.TestLevel2_GenericEcommerseSiteTest_Stubs_Written_Method_Needs_To_Be_Implemented</td>
<td></td>
<td>0</td>
<td>com.qait.demo.tests.TestLevel2_GenericEcommerseSiteTest_Stubs_Written_Method_Needs_To_Be_Implemented@42d80b78</td></tr>
<tr>
<td title='com.qait.demo.tests.TestLevel2_GenericEcommerseSiteTest_Stubs_Written_Method_Needs_To_Be_Implemented.TestStep08_AddProductToCart()'><b>TestStep08_AddProductToCart</b><br>Test class: com.qait.demo.tests.TestLevel2_GenericEcommerseSiteTest_Stubs_Written_Method_Needs_To_Be_Implemented</td>
<td></td>
<td>0</td>
<td>com.qait.demo.tests.TestLevel2_GenericEcommerseSiteTest_Stubs_Written_Method_Needs_To_Be_Implemented@42d80b78</td></tr>
<tr>
<td title='com.qait.demo.tests.TestLevel2_GenericEcommerseSiteTest_Stubs_Written_Method_Needs_To_Be_Implemented.TestStep09_VerifyCart()'><b>TestStep09_VerifyCart</b><br>Test class: com.qait.demo.tests.TestLevel2_GenericEcommerseSiteTest_Stubs_Written_Method_Needs_To_Be_Implemented</td>
<td></td>
<td>2</td>
<td>com.qait.demo.tests.TestLevel2_GenericEcommerseSiteTest_Stubs_Written_Method_Needs_To_Be_Implemented@42d80b78</td></tr>
</table><p>
</body>
</html>