<!DOCTYPE html PUBLIC "-//W3C//DTD XHTML 1.1//EN" "http://www.w3.org/TR/xhtml11/DTD/xhtml11.dtd">
<html xmlns="http://www.w3.org/1999/xhtml"><head><title>TestNG Report</title><style type="text/css">table {margin-bottom:10px;border-collapse:collapse;empty-cells:show}th,td {border:1px solid #009;padding:.25em .5em}th {vertical-align:bottom}td {vertical-align:top}table a {font-weight:bold}.stripe td {background-color: #E6EBF9}.num {text-align:right}.passedodd td {background-color: #3F3}.passedeven td {background-color: #0A0}.skippedodd td {background-color: #DDD}.skippedeven td {background-color: #CCC}.failedodd td,.attn {background-color: #F33}.failedeven td,.stripe .attn {background-color: #D00}.stacktrace {white-space:pre;font-family:monospace}.totop {font-size:85%;text-align:center;border-bottom:2px solid #000}</style></head><body><table><tr><th>Test</th><th># Passed</th><th># Skipped</th><th># Failed</th><th>Time (ms)</th><th>Included Groups</th><th>Excluded Groups</th></tr><tr><th colspan="7">Default suite</th></tr><tr><td><a href="#t0">Default test</a></td><td class="num">12</td><td class="num">0</td><td class="num attn">3</td><td class="num">199,158</td><td></td><td></td></tr></table><table><thead><tr><th>Class</th><th>Method</th><th>Start</th><th>Time (ms)</th></tr></thead><tbody><tr><th colspan="4">Default suite</th></tr></tbody><tbody id="t0"><tr><th colspan="4">Default test &#8212; failed</th></tr><tr class="failedeven"><td rowspan="3">com.qait.demo.tests.TestLevel2_GenericEcommerseSiteTest_Stubs_Written_Method_Needs_To_Be_Implemented</td><td><a href="#m0">TestStep09_Verify_Similar_Products_Are_Presnt_For_Product_Details_Page</a></td><td rowspan="1">1478272550755</td><td rowspan="1">60111</td></tr><tr class="failedeven"><td><a href="#m1">TestStep10_Verify_User_Is_Able_To_Buy_The_Product</a></td><td rowspan="1">1478272610993</td><td rowspan="1">60091</td></tr><tr class="failedeven"><td><a href="#m2">TestStep11_Verify_User_Navigated_To_Shipping_Page</a></td><td rowspan="1">1478272671191</td><td rowspan="1">60101</td></tr><tr><th colspan="4">Default test &#8212; passed</th></tr><tr class="passedeven"><td rowspan="12">com.qait.demo.tests.TestLevel2_GenericEcommerseSiteTest_Stubs_Written_Method_Needs_To_Be_Implemented</td><td><a href="#m3">TestStep01_VerifyHomePage</a></td><td rowspan="1">1478272542050</td><td rowspan="1">91</td></tr><tr class="passedeven"><td><a href="#m4">TestStep02_SearchProduct</a></td><td rowspan="1">1478272542145</td><td rowspan="1">947</td></tr><tr class="passedeven"><td><a href="#m5">TestStep02_Verify_Feilds_Are_Expandable</a></td><td rowspan="1">1478272543097</td><td rowspan="1">2008</td></tr><tr class="passedeven"><td><a href="#m6">TestStep02_Verify_Select_Dropdown_Is_Present</a></td><td rowspan="1">1478272545108</td><td rowspan="1">43</td></tr><tr class="passedeven"><td><a href="#m7">TestStep02_Verify_User_Is_Able_To_View_Ratings_Of_The_Product</a></td><td rowspan="1">1478272545154</td><td rowspan="1">50</td></tr><tr class="passedeven"><td><a href="#m8">TestStep03_VerifySearchResultPage</a></td><td rowspan="1">1478272545206</td><td rowspan="1">37</td></tr><tr class="passedeven"><td><a href="#m9">TestStep04_VerifySearchResult</a></td><td rowspan="1">1478272545246</td><td rowspan="1">86</td></tr><tr class="passedeven"><td><a href="#m10">TestStep05_SelectFirstProduct</a></td><td rowspan="1">1478272545335</td><td rowspan="1">388</td></tr><tr class="passedeven"><td><a href="#m11">TestStep06_VerifyProductInfo</a></td><td rowspan="1">1478272545726</td><td rowspan="1">1277</td></tr><tr class="passedeven"><td><a href="#m12">TestStep07_VerifyProductName</a></td><td rowspan="1">1478272547005</td><td rowspan="1">34</td></tr><tr class="passedeven"><td><a href="#m13">TestStep08_AddProductToCart</a></td><td rowspan="1">1478272547043</td><td rowspan="1">709</td></tr><tr class="passedeven"><td><a href="#m14">TestStep09_VerifyCart</a></td><td rowspan="1">1478272547754</td><td rowspan="1">2996</td></tr></tbody></table><h2>Default test</h2><h3 id="m0">com.qait.demo.tests.TestLevel2_GenericEcommerseSiteTest_Stubs_Written_Method_Needs_To_Be_Implemented#TestStep09_Verify_Similar_Products_Are_Presnt_For_Product_Details_Page</h3><table class="result"><tr><th>Exception</th></tr><tr><td><div class="stacktrace">java.lang.AssertionError: FAILED: Element similar_products not found on the HomePage !!!
	at org.testng.Assert.fail(Assert.java:94)
	at com.qait.automation.getpageobjects.GetPage.element(GetPage.java:84)
	at com.qait.automation.getpageobjects.GetPage.element(GetPage.java:62)
	at com.qait.demo.keywords.CartPageActions.Verify_User_Is_Able_To_View_Similar_Items(CartPageActions.java:63)
	at com.qait.demo.tests.TestLevel2_GenericEcommerseSiteTest_Stubs_Written_Method_Needs_To_Be_Implemented.TestStep09_Verify_Similar_Products_Are_Presnt_For_Product_Details_Page(TestLevel2_GenericEcommerseSiteTest_Stubs_Written_Method_Needs_To_Be_Implemented.java:137)
	at sun.reflect.NativeMethodAccessorImpl.invoke0(Native Method)
	at sun.reflect.NativeMethodAccessorImpl.invoke(Unknown Source)
	at sun.reflect.DelegatingMethodAccessorImpl.invoke(Unknown Source)
	at java.lang.reflect.Method.invoke(Unknown Source)
	at org.testng.internal.MethodInvocationHelper.invokeMethod(MethodInvocationHelper.java:84)
	at org.testng.internal.Invoker.invokeMethod(Invoker.java:714)
	at org.testng.internal.Invoker.invokeTestMethod(Invoker.java:901)
	at org.testng.internal.Invoker.invokeTestMethods(Invoker.java:1231)
	at org.testng.internal.TestMethodWorker.invokeTestMethods(TestMethodWorker.java:127)
	at org.testng.internal.TestMethodWorker.run(TestMethodWorker.java:111)
	at org.testng.TestRunner.privateRun(TestRunner.java:767)
	at org.testng.TestRunner.run(TestRunner.java:617)
	at org.testng.SuiteRunner.runTest(SuiteRunner.java:334)
	at org.testng.SuiteRunner.runSequentially(SuiteRunner.java:329)
	at org.testng.SuiteRunner.privateRun(SuiteRunner.java:291)
	at org.testng.SuiteRunner.run(SuiteRunner.java:240)
	at org.testng.SuiteRunnerWorker.runSuite(SuiteRunnerWorker.java:52)
	at org.testng.SuiteRunnerWorker.run(SuiteRunnerWorker.java:86)
	at org.testng.TestNG.runSuitesSequentially(TestNG.java:1224)
	at org.testng.TestNG.runSuitesLocally(TestNG.java:1149)
	at org.testng.TestNG.run(TestNG.java:1057)
	at org.testng.remote.AbstractRemoteTestNG.run(AbstractRemoteTestNG.java:126)
	at org.testng.remote.RemoteTestNG.initAndRun(RemoteTestNG.java:152)
	at org.testng.remote.RemoteTestNG.main(RemoteTestNG.java:57)
</div></td></tr></table><p class="totop"><a href="#summary">back to summary</a></p><h3 id="m1">com.qait.demo.tests.TestLevel2_GenericEcommerseSiteTest_Stubs_Written_Method_Needs_To_Be_Implemented#TestStep10_Verify_User_Is_Able_To_Buy_The_Product</h3><table class="result"><tr><th>Exception</th></tr><tr><td><div class="stacktrace">java.lang.AssertionError: FAILED: Element buy_product not found on the HomePage !!!
	at org.testng.Assert.fail(Assert.java:94)
	at com.qait.automation.getpageobjects.GetPage.element(GetPage.java:84)
	at com.qait.automation.getpageobjects.GetPage.element(GetPage.java:62)
	at com.qait.demo.keywords.CartPageActions.verify_User_Is_Able_To_Buy_Product(CartPageActions.java:52)
	at com.qait.demo.tests.TestLevel2_GenericEcommerseSiteTest_Stubs_Written_Method_Needs_To_Be_Implemented.TestStep10_Verify_User_Is_Able_To_Buy_The_Product(TestLevel2_GenericEcommerseSiteTest_Stubs_Written_Method_Needs_To_Be_Implemented.java:142)
	at sun.reflect.NativeMethodAccessorImpl.invoke0(Native Method)
	at sun.reflect.NativeMethodAccessorImpl.invoke(Unknown Source)
	at sun.reflect.DelegatingMethodAccessorImpl.invoke(Unknown Source)
	at java.lang.reflect.Method.invoke(Unknown Source)
	at org.testng.internal.MethodInvocationHelper.invokeMethod(MethodInvocationHelper.java:84)
	at org.testng.internal.Invoker.invokeMethod(Invoker.java:714)
	at org.testng.internal.Invoker.invokeTestMethod(Invoker.java:901)
	at org.testng.internal.Invoker.invokeTestMethods(Invoker.java:1231)
	at org.testng.internal.TestMethodWorker.invokeTestMethods(TestMethodWorker.java:127)
	at org.testng.internal.TestMethodWorker.run(TestMethodWorker.java:111)
	at org.testng.TestRunner.privateRun(TestRunner.java:767)
	at org.testng.TestRunner.run(TestRunner.java:617)
	at org.testng.SuiteRunner.runTest(SuiteRunner.java:334)
	at org.testng.SuiteRunner.runSequentially(SuiteRunner.java:329)
	at org.testng.SuiteRunner.privateRun(SuiteRunner.java:291)
	at org.testng.SuiteRunner.run(SuiteRunner.java:240)
	at org.testng.SuiteRunnerWorker.runSuite(SuiteRunnerWorker.java:52)
	at org.testng.SuiteRunnerWorker.run(SuiteRunnerWorker.java:86)
	at org.testng.TestNG.runSuitesSequentially(TestNG.java:1224)
	at org.testng.TestNG.runSuitesLocally(TestNG.java:1149)
	at org.testng.TestNG.run(TestNG.java:1057)
	at org.testng.remote.AbstractRemoteTestNG.run(AbstractRemoteTestNG.java:126)
	at org.testng.remote.RemoteTestNG.initAndRun(RemoteTestNG.java:152)
	at org.testng.remote.RemoteTestNG.main(RemoteTestNG.java:57)
</div></td></tr></table><p class="totop"><a href="#summary">back to summary</a></p><h3 id="m2">com.qait.demo.tests.TestLevel2_GenericEcommerseSiteTest_Stubs_Written_Method_Needs_To_Be_Implemented#TestStep11_Verify_User_Navigated_To_Shipping_Page</h3><table class="result"><tr><th>Exception</th></tr><tr><td><div class="stacktrace">java.lang.AssertionError: FAILED: Element continue_btn not found on the HomePage !!!
	at org.testng.Assert.fail(Assert.java:94)
	at com.qait.automation.getpageobjects.GetPage.element(GetPage.java:84)
	at com.qait.automation.getpageobjects.GetPage.element(GetPage.java:62)
	at com.qait.demo.keywords.CartPageActions.verify_User_Navigated_To_Shipping_Cart_Page(CartPageActions.java:56)
	at com.qait.demo.tests.TestLevel2_GenericEcommerseSiteTest_Stubs_Written_Method_Needs_To_Be_Implemented.TestStep11_Verify_User_Navigated_To_Shipping_Page(TestLevel2_GenericEcommerseSiteTest_Stubs_Written_Method_Needs_To_Be_Implemented.java:147)
	at sun.reflect.NativeMethodAccessorImpl.invoke0(Native Method)
	at sun.reflect.NativeMethodAccessorImpl.invoke(Unknown Source)
	at sun.reflect.DelegatingMethodAccessorImpl.invoke(Unknown Source)
	at java.lang.reflect.Method.invoke(Unknown Source)
	at org.testng.internal.MethodInvocationHelper.invokeMethod(MethodInvocationHelper.java:84)
	at org.testng.internal.Invoker.invokeMethod(Invoker.java:714)
	at org.testng.internal.Invoker.invokeTestMethod(Invoker.java:901)
	at org.testng.internal.Invoker.invokeTestMethods(Invoker.java:1231)
	at org.testng.internal.TestMethodWorker.invokeTestMethods(TestMethodWorker.java:127)
	at org.testng.internal.TestMethodWorker.run(TestMethodWorker.java:111)
	at org.testng.TestRunner.privateRun(TestRunner.java:767)
	at org.testng.TestRunner.run(TestRunner.java:617)
	at org.testng.SuiteRunner.runTest(SuiteRunner.java:334)
	at org.testng.SuiteRunner.runSequentially(SuiteRunner.java:329)
	at org.testng.SuiteRunner.privateRun(SuiteRunner.java:291)
	at org.testng.SuiteRunner.run(SuiteRunner.java:240)
	at org.testng.SuiteRunnerWorker.runSuite(SuiteRunnerWorker.java:52)
	at org.testng.SuiteRunnerWorker.run(SuiteRunnerWorker.java:86)
	at org.testng.TestNG.runSuitesSequentially(TestNG.java:1224)
	at org.testng.TestNG.runSuitesLocally(TestNG.java:1149)
	at org.testng.TestNG.run(TestNG.java:1057)
	at org.testng.remote.AbstractRemoteTestNG.run(AbstractRemoteTestNG.java:126)
	at org.testng.remote.RemoteTestNG.initAndRun(RemoteTestNG.java:152)
	at org.testng.remote.RemoteTestNG.main(RemoteTestNG.java:57)
</div></td></tr></table><p class="totop"><a href="#summary">back to summary</a></p><h3 id="m3">com.qait.demo.tests.TestLevel2_GenericEcommerseSiteTest_Stubs_Written_Method_Needs_To_Be_Implemented#TestStep01_VerifyHomePage</h3><table class="result"></table><p class="totop"><a href="#summary">back to summary</a></p><h3 id="m4">com.qait.demo.tests.TestLevel2_GenericEcommerseSiteTest_Stubs_Written_Method_Needs_To_Be_Implemented#TestStep02_SearchProduct</h3><table class="result"></table><p class="totop"><a href="#summary">back to summary</a></p><h3 id="m5">com.qait.demo.tests.TestLevel2_GenericEcommerseSiteTest_Stubs_Written_Method_Needs_To_Be_Implemented#TestStep02_Verify_Feilds_Are_Expandable</h3><table class="result"><tr><th>Messages</th></tr><tr><td><div class="messages">Element [[FirefoxDriver: firefox on WINDOWS (71fb9512-8120-41dd-9182-9774cb1bbd0d)] -&gt; css selector: .dRqIrL._2GQLOX] could not be clicked! Element is not clickable at point (119, 9.399993896484375). Other element would receive the click: &lt;div class=&quot;_1H5F__&quot; data-reactid=&quot;10&quot;&gt;&lt;/div&gt;
Command duration or timeout: 71 milliseconds
Build info: version: &apos;2.53.1&apos;, revision: &apos;a36b8b1cd5757287168e54b817830adce9b0158d&apos;, time: &apos;2016-06-30 19:26:09&apos;
System info: host: &apos;ASDP1501PO01976&apos;, ip: &apos;10.0.31.240&apos;, os.name: &apos;Windows 10&apos;, os.arch: &apos;amd64&apos;, os.version: &apos;10.0&apos;, java.version: &apos;1.8.0_101&apos;
Driver info: org.openqa.selenium.firefox.FirefoxDriver
Capabilities [{applicationCacheEnabled=true, rotatable=false, handlesAlerts=true, databaseEnabled=true, version=43.0.1, platform=WINDOWS, nativeEvents=false, acceptSslCerts=true, webStorageEnabled=true, locationContextEnabled=true, browserName=firefox, takesScreenshot=true, javascriptEnabled=true, cssSelectorsEnabled=true}]
Session ID: 71fb9512-8120-41dd-9182-9774cb1bbd0d</div></td></tr></table><p class="totop"><a href="#summary">back to summary</a></p><h3 id="m6">com.qait.demo.tests.TestLevel2_GenericEcommerseSiteTest_Stubs_Written_Method_Needs_To_Be_Implemented#TestStep02_Verify_Select_Dropdown_Is_Present</h3><table class="result"></table><p class="totop"><a href="#summary">back to summary</a></p><h3 id="m7">com.qait.demo.tests.TestLevel2_GenericEcommerseSiteTest_Stubs_Written_Method_Needs_To_Be_Implemented#TestStep02_Verify_User_Is_Able_To_View_Ratings_Of_The_Product</h3><table class="result"></table><p class="totop"><a href="#summary">back to summary</a></p><h3 id="m8">com.qait.demo.tests.TestLevel2_GenericEcommerseSiteTest_Stubs_Written_Method_Needs_To_Be_Implemented#TestStep03_VerifySearchResultPage</h3><table class="result"></table><p class="totop"><a href="#summary">back to summary</a></p><h3 id="m9">com.qait.demo.tests.TestLevel2_GenericEcommerseSiteTest_Stubs_Written_Method_Needs_To_Be_Implemented#TestStep04_VerifySearchResult</h3><table class="result"></table><p class="totop"><a href="#summary">back to summary</a></p><h3 id="m10">com.qait.demo.tests.TestLevel2_GenericEcommerseSiteTest_Stubs_Written_Method_Needs_To_Be_Implemented#TestStep05_SelectFirstProduct</h3><table class="result"></table><p class="totop"><a href="#summary">back to summary</a></p><h3 id="m11">com.qait.demo.tests.TestLevel2_GenericEcommerseSiteTest_Stubs_Written_Method_Needs_To_Be_Implemented#TestStep06_VerifyProductInfo</h3><table class="result"></table><p class="totop"><a href="#summary">back to summary</a></p><h3 id="m12">com.qait.demo.tests.TestLevel2_GenericEcommerseSiteTest_Stubs_Written_Method_Needs_To_Be_Implemented#TestStep07_VerifyProductName</h3><table class="result"></table><p class="totop"><a href="#summary">back to summary</a></p><h3 id="m13">com.qait.demo.tests.TestLevel2_GenericEcommerseSiteTest_Stubs_Written_Method_Needs_To_Be_Implemented#TestStep08_AddProductToCart</h3><table class="result"></table><p class="totop"><a href="#summary">back to summary</a></p><h3 id="m14">com.qait.demo.tests.TestLevel2_GenericEcommerseSiteTest_Stubs_Written_Method_Needs_To_Be_Implemented#TestStep09_VerifyCart</h3><table class="result"></table><p class="totop"><a href="#summary">back to summary</a></p></body></html>